<?xml version="1.0" encoding="UTF-8"?>
<!-- Generated by org.testng.reporters.JUnitReportReporter -->
<testsuite hostname="DESKTOP-2SBKPQL" failures="0" tests="2" name="testng.TC001" time="0.023" errors="0" timestamp="26 Apr 2022 12:15:18 GMT">
  <testcase classname="testng.TC001" name="exit" time="0.020"/>
  <testcase classname="testng.TC001" name="opner" time="0.003"/>
</testsuite> <!-- testng.TC001 -->
